<?xml version="1.0" encoding="UTF-8"?>
<testsuite xmlns:xsi="http://www.w3.org/2001/XMLSchema-instance" xsi:noNamespaceSchemaLocation="https://maven.apache.org/surefire/maven-surefire-plugin/xsd/surefire-test-report-3.0.xsd" version="3.0" name="br.com.drianodev.springbatch.SpringBatchApplicationTests" time="1.892" tests="1" errors="0" skipped="0" failures="0">
  <properties>
[...]
</properties>
  <testcase name="contextLoads" classname="br.com.drianodev.springbatch.SpringBatchApplicationTests" time="0.495">
    <system-out><![CDATA[14:10:11.280 [main] INFO org.springframework.test.context.support.AnnotationConfigContextLoaderUtils -- Could not detect default configuration classes for test class [br.com.drianodev.springbatch.SpringBatchApplicationTests]: SpringBatchApplicationTests does not declare any static, non-private, non-final, nested classes annotated with @Configuration.
14:10:11.342 [main] INFO org.springframework.boot.test.context.SpringBootTestContextBootstrapper -- Found @SpringBootConfiguration br.com.drianodev.springbatch.SpringBatchApplication for test class br.com.drianodev.springbatch.SpringBatchApplicationTests

  .   ____          _            __ _ _
 /\\ / ___'_ __ _ _(_)_ __  __ _ \ \ \ \
( ( )\___ | '_ | '_| | '_ \/ _` | \ \ \ \
 \\/  ___)| |_)| | | | | || (_| |  ) ) ) )
  '  |____| .__|_| |_|_| |_\__, | / / / /
 =========|_|==============|___/=/_/_/_/
 :: Spring Boot ::                (v3.2.5)

2024-06-06T14:10:11.583-03:00  INFO 799878 --- [spring-batch] [           main] b.c.d.s.SpringBatchApplicationTests      : Starting SpringBatchApplicationTests using Java 17.0.10 with PID 799878 (started by idd_amlima in /home/idd_amlima/Documents/courses/udemy-spring-batch/spring-batch)
2024-06-06T14:10:11.584-03:00  INFO 799878 --- [spring-batch] [           main] b.c.d.s.SpringBatchApplicationTests      : No active profile set, falling back to 1 default profile: "default"
2024-06-06T14:10:11.945-03:00  WARN 799878 --- [spring-batch] [           main] trationDelegate$BeanPostProcessorChecker : Bean 'org.springframework.boot.autoconfigure.jdbc.DataSourceConfiguration$Hikari' of type [org.springframework.boot.autoconfigure.jdbc.DataSourceConfiguration$Hikari] is not eligible for getting processed by all BeanPostProcessors (for example: not eligible for auto-proxying). Is this bean getting eagerly injected into a currently created BeanPostProcessor [jobRegistryBeanPostProcessor]? Check the corresponding BeanPostProcessor declaration and its dependencies.
2024-06-06T14:10:11.985-03:00  WARN 799878 --- [spring-batch] [           main] trationDelegate$BeanPostProcessorChecker : Bean 'spring.datasource-org.springframework.boot.autoconfigure.jdbc.DataSourceProperties' of type [org.springframework.boot.autoconfigure.jdbc.DataSourceProperties] is not eligible for getting processed by all BeanPostProcessors (for example: not eligible for auto-proxying). Is this bean getting eagerly injected into a currently created BeanPostProcessor [jobRegistryBeanPostProcessor]? Check the corresponding BeanPostProcessor declaration and its dependencies.
2024-06-06T14:10:11.987-03:00  WARN 799878 --- [spring-batch] [           main] trationDelegate$BeanPostProcessorChecker : Bean 'org.springframework.boot.autoconfigure.jdbc.DataSourceAutoConfiguration$PooledDataSourceConfiguration' of type [org.springframework.boot.autoconfigure.jdbc.DataSourceAutoConfiguration$PooledDataSourceConfiguration] is not eligible for getting processed by all BeanPostProcessors (for example: not eligible for auto-proxying). Is this bean getting eagerly injected into a currently created BeanPostProcessor [jobRegistryBeanPostProcessor]? Check the corresponding BeanPostProcessor declaration and its dependencies.
2024-06-06T14:10:11.988-03:00  WARN 799878 --- [spring-batch] [           main] trationDelegate$BeanPostProcessorChecker : Bean 'jdbcConnectionDetails' of type [org.springframework.boot.autoconfigure.jdbc.PropertiesJdbcConnectionDetails] is not eligible for getting processed by all BeanPostProcessors (for example: not eligible for auto-proxying). Is this bean getting eagerly injected into a currently created BeanPostProcessor [jobRegistryBeanPostProcessor]? Check the corresponding BeanPostProcessor declaration and its dependencies.
2024-06-06T14:10:12.013-03:00  WARN 799878 --- [spring-batch] [           main] trationDelegate$BeanPostProcessorChecker : Bean 'dataSource' of type [com.zaxxer.hikari.HikariDataSource] is not eligible for getting processed by all BeanPostProcessors (for example: not eligible for auto-proxying). Is this bean getting eagerly injected into a currently created BeanPostProcessor [jobRegistryBeanPostProcessor]? Check the corresponding BeanPostProcessor declaration and its dependencies.
2024-06-06T14:10:12.020-03:00  WARN 799878 --- [spring-batch] [           main] trationDelegate$BeanPostProcessorChecker : Bean 'org.springframework.boot.autoconfigure.jdbc.DataSourceTransactionManagerAutoConfiguration$JdbcTransactionManagerConfiguration' of type [org.springframework.boot.autoconfigure.jdbc.DataSourceTransactionManagerAutoConfiguration$JdbcTransactionManagerConfiguration] is not eligible for getting processed by all BeanPostProcessors (for example: not eligible for auto-proxying). Is this bean getting eagerly injected into a currently created BeanPostProcessor [jobRegistryBeanPostProcessor]? Check the corresponding BeanPostProcessor declaration and its dependencies.
2024-06-06T14:10:12.025-03:00  WARN 799878 --- [spring-batch] [           main] trationDelegate$BeanPostProcessorChecker : Bean 'org.springframework.boot.autoconfigure.transaction.TransactionManagerCustomizationAutoConfiguration' of type [org.springframework.boot.autoconfigure.transaction.TransactionManagerCustomizationAutoConfiguration] is not eligible for getting processed by all BeanPostProcessors (for example: not eligible for auto-proxying). Is this bean getting eagerly injected into a currently created BeanPostProcessor [jobRegistryBeanPostProcessor]? Check the corresponding BeanPostProcessor declaration and its dependencies.
2024-06-06T14:10:12.030-03:00  WARN 799878 --- [spring-batch] [           main] trationDelegate$BeanPostProcessorChecker : Bean 'transactionExecutionListeners' of type [org.springframework.boot.autoconfigure.transaction.ExecutionListenersTransactionManagerCustomizer] is not eligible for getting processed by all BeanPostProcessors (for example: not eligible for auto-proxying). Is this bean getting eagerly injected into a currently created BeanPostProcessor [jobRegistryBeanPostProcessor]? Check the corresponding BeanPostProcessor declaration and its dependencies.
2024-06-06T14:10:12.034-03:00  WARN 799878 --- [spring-batch] [           main] trationDelegate$BeanPostProcessorChecker : Bean 'spring.transaction-org.springframework.boot.autoconfigure.transaction.TransactionProperties' of type [org.springframework.boot.autoconfigure.transaction.TransactionProperties] is not eligible for getting processed by all BeanPostProcessors (for example: not eligible for auto-proxying). Is this bean getting eagerly injected into a currently created BeanPostProcessor [jobRegistryBeanPostProcessor]? Check the corresponding BeanPostProcessor declaration and its dependencies.
2024-06-06T14:10:12.036-03:00  WARN 799878 --- [spring-batch] [           main] trationDelegate$BeanPostProcessorChecker : Bean 'platformTransactionManagerCustomizers' of type [org.springframework.boot.autoconfigure.transaction.TransactionManagerCustomizers] is not eligible for getting processed by all BeanPostProcessors (for example: not eligible for auto-proxying). Is this bean getting eagerly injected into a currently created BeanPostProcessor [jobRegistryBeanPostProcessor]? Check the corresponding BeanPostProcessor declaration and its dependencies.
2024-06-06T14:10:12.041-03:00  WARN 799878 --- [spring-batch] [           main] trationDelegate$BeanPostProcessorChecker : Bean 'transactionManager' of type [org.springframework.jdbc.support.JdbcTransactionManager] is not eligible for getting processed by all BeanPostProcessors (for example: not eligible for auto-proxying). Is this bean getting eagerly injected into a currently created BeanPostProcessor [jobRegistryBeanPostProcessor]? Check the corresponding BeanPostProcessor declaration and its dependencies.
2024-06-06T14:10:12.046-03:00  WARN 799878 --- [spring-batch] [           main] trationDelegate$BeanPostProcessorChecker : Bean 'spring.batch-org.springframework.boot.autoconfigure.batch.BatchProperties' of type [org.springframework.boot.autoconfigure.batch.BatchProperties] is not eligible for getting processed by all BeanPostProcessors (for example: not eligible for auto-proxying). Is this bean getting eagerly injected into a currently created BeanPostProcessor [jobRegistryBeanPostProcessor]? Check the corresponding BeanPostProcessor declaration and its dependencies.
2024-06-06T14:10:12.052-03:00  WARN 799878 --- [spring-batch] [           main] trationDelegate$BeanPostProcessorChecker : Bean 'org.springframework.boot.autoconfigure.batch.BatchAutoConfiguration$SpringBootBatchConfiguration' of type [org.springframework.boot.autoconfigure.batch.BatchAutoConfiguration$SpringBootBatchConfiguration] is not eligible for getting processed by all BeanPostProcessors (for example: not eligible for auto-proxying). The currently created BeanPostProcessor [jobRegistryBeanPostProcessor] is declared through a non-static factory method on that class; consider declaring it as static instead.
2024-06-06T14:10:12.068-03:00  INFO 799878 --- [spring-batch] [           main] com.zaxxer.hikari.HikariDataSource       : HikariPool-1 - Starting...
2024-06-06T14:10:12.253-03:00  INFO 799878 --- [spring-batch] [           main] com.zaxxer.hikari.pool.HikariPool        : HikariPool-1 - Added connection org.postgresql.jdbc.PgConnection@618ff5c2
2024-06-06T14:10:12.255-03:00  INFO 799878 --- [spring-batch] [           main] com.zaxxer.hikari.HikariDataSource       : HikariPool-1 - Start completed.
2024-06-06T14:10:12.425-03:00  INFO 799878 --- [spring-batch] [           main] b.c.d.s.SpringBatchApplicationTests      : Started SpringBatchApplicationTests in 1.002 seconds (process running for 1.627)
2024-06-06T14:10:12.428-03:00  INFO 799878 --- [spring-batch] [           main] o.s.b.a.b.JobLauncherApplicationRunner   : Running default command line with: []
2024-06-06T14:10:12.486-03:00  INFO 799878 --- [spring-batch] [           main] o.s.b.c.l.support.SimpleJobLauncher      : Job: [SimpleJob: [name=imprimeOlaJob]] launched with the following parameters: [{'run.id':'{value=12, type=class java.lang.Long, identifying=true}','nome':'{value=adriano, type=class java.lang.String, identifying=true}'}]
2024-06-06T14:10:12.505-03:00  INFO 799878 --- [spring-batch] [           main] o.s.batch.core.job.SimpleStepHandler     : Executing step: [imprimeOlaStep]
Olá adriano!
2024-06-06T14:10:12.546-03:00  INFO 799878 --- [spring-batch] [           main] o.s.batch.core.step.AbstractStep         : Step: [imprimeOlaStep] executed in 40ms
2024-06-06T14:10:12.559-03:00  INFO 799878 --- [spring-batch] [           main] o.s.b.c.l.support.SimpleJobLauncher      : Job: [SimpleJob: [name=imprimeOlaJob]] completed with the following parameters: [{'run.id':'{value=12, type=class java.lang.Long, identifying=true}','nome':'{value=adriano, type=class java.lang.String, identifying=true}'}] and the following status: [COMPLETED] in 60ms
]]></system-out>
  </testcase>
</testsuite>